<?xml version="1.0" encoding="UTF-8"?>
<!-- Generated by org.testng.reporters.JUnitXMLReporter -->
<testsuite ignored="2" hostname="DESKTOP-FNVP3NE" failures="0" tests="1" name="Default test" time="35.613" errors="0" timestamp="2022-10-11T16:43:25 CDT">
  <testcase classname="com.main.selenium.practices.FileUploadingTest" name="testFileDownload" time="31.512"/>
  <testcase classname="com.main.selenium.practices.FileUploadingTest" name="testAuth" time="0.0">
    <ignored/>
  </testcase> <!-- testAuth -->
  <testcase classname="com.main.selenium.practices.FileUploadingTest" name="testFileUpload" time="0.0">
    <ignored/>
  </testcase> <!-- testFileUpload -->
</testsuite> <!-- Default test -->
