<?xml version="1.0" encoding="UTF-8"?>
<testng-results ignored="0" total="1" passed="1" failed="0" skipped="0">
  <reporter-output>
  </reporter-output>
  <suite started-at="2022-09-09T12:41:56 CDT" name="Surefire suite" finished-at="2022-09-09T12:42:00 CDT" duration-ms="4250">
    <groups>
    </groups>
    <test started-at="2022-09-09T12:41:56 CDT" name="Surefire test" finished-at="2022-09-09T12:42:00 CDT" duration-ms="4250">
      <class name="com.main.selenium.selenium.NewTest">
        <test-method is-config="true" signature="setup()[pri:0, instance:com.main.selenium.selenium.NewTest@161b062a]" started-at="2022-09-09T12:41:56 CDT" name="setup" finished-at="2022-09-09T12:42:00 CDT" duration-ms="3525" status="PASS">
          <reporter-output>
          </reporter-output>
        </test-method> <!-- setup -->
        <test-method signature="f()[pri:0, instance:com.main.selenium.selenium.NewTest@161b062a]" started-at="2022-09-09T12:42:00 CDT" name="f" finished-at="2022-09-09T12:42:00 CDT" duration-ms="2" status="PASS">
          <reporter-output>
          </reporter-output>
        </test-method> <!-- f -->
        <test-method is-config="true" signature="teardown()[pri:0, instance:com.main.selenium.selenium.NewTest@161b062a]" started-at="2022-09-09T12:42:00 CDT" name="teardown" finished-at="2022-09-09T12:42:00 CDT" duration-ms="659" status="PASS">
          <reporter-output>
          </reporter-output>
        </test-method> <!-- teardown -->
      </class> <!-- com.main.selenium.selenium.NewTest -->
    </test> <!-- Surefire test -->
  </suite> <!-- Surefire suite -->
</testng-results>
