<?xml version="1.0" encoding="UTF-8"?>
<testng-results ignored="0" total="1" passed="1" failed="0" skipped="0">
  <reporter-output>
  </reporter-output>
  <suite started-at="2022-10-12T23:34:18 CDT" name="Default suite" finished-at="2022-10-12T23:34:30 CDT" duration-ms="12096">
    <groups>
    </groups>
    <test started-at="2022-10-12T23:34:18 CDT" name="Default test" finished-at="2022-10-12T23:34:30 CDT" duration-ms="12096">
      <class name="ecommerce_tests.Tests">
        <test-method is-config="true" signature="launchApp()[pri:0, instance:ecommerce_tests.Tests@3012646b]" started-at="2022-10-12T23:34:18 CDT" name="launchApp" finished-at="2022-10-12T23:34:26 CDT" duration-ms="8112" status="PASS">
          <reporter-output>
          </reporter-output>
        </test-method> <!-- launchApp -->
        <test-method signature="productIsAddedToCartAndIsPresentWhenClickOnCartButton()[pri:0, instance:ecommerce_tests.Tests@3012646b]" started-at="2022-10-12T23:34:27 CDT" name="productIsAddedToCartAndIsPresentWhenClickOnCartButton" finished-at="2022-10-12T23:34:30 CDT" duration-ms="3418" status="PASS">
          <reporter-output>
          </reporter-output>
        </test-method> <!-- productIsAddedToCartAndIsPresentWhenClickOnCartButton -->
        <test-method is-config="true" signature="teardown()[pri:0, instance:ecommerce_tests.Tests@3012646b]" started-at="2022-10-12T23:34:30 CDT" name="teardown" finished-at="2022-10-12T23:34:30 CDT" duration-ms="510" status="PASS">
          <reporter-output>
          </reporter-output>
        </test-method> <!-- teardown -->
      </class> <!-- ecommerce_tests.Tests -->
    </test> <!-- Default test -->
  </suite> <!-- Default suite -->
</testng-results>
